<?xml version="1.0" encoding="UTF-8"?>
<testsuite name="com.tingeso.webapp.WebappApplicationTests" tests="1" skipped="0" failures="0" errors="0" timestamp="2021-02-02T22:43:39" hostname="moises-oveja" time="3.396">
  <properties/>
  <testcase name="contextLoads()" classname="com.tingeso.webapp.WebappApplicationTests" time="3.396"/>
  <system-out><![CDATA[19:43:28.887 [Test worker] DEBUG org.springframework.test.context.BootstrapUtils - Instantiating CacheAwareContextLoaderDelegate from class [org.springframework.test.context.cache.DefaultCacheAwareContextLoaderDelegate]
19:43:28.914 [Test worker] DEBUG org.springframework.test.context.BootstrapUtils - Instantiating BootstrapContext using constructor [public org.springframework.test.context.support.DefaultBootstrapContext(java.lang.Class,org.springframework.test.context.CacheAwareContextLoaderDelegate)]
19:43:28.989 [Test worker] DEBUG org.springframework.test.context.BootstrapUtils - Instantiating TestContextBootstrapper for test class [com.tingeso.webapp.WebappApplicationTests] from class [org.springframework.boot.test.context.SpringBootTestContextBootstrapper]
19:43:29.018 [Test worker] INFO org.springframework.boot.test.context.SpringBootTestContextBootstrapper - Neither @ContextConfiguration nor @ContextHierarchy found for test class [com.tingeso.webapp.WebappApplicationTests], using SpringBootContextLoader
19:43:29.023 [Test worker] DEBUG org.springframework.test.context.support.AbstractContextLoader - Did not detect default resource location for test class [com.tingeso.webapp.WebappApplicationTests]: class path resource [com/tingeso/webapp/WebappApplicationTests-context.xml] does not exist
19:43:29.034 [Test worker] DEBUG org.springframework.test.context.support.AbstractContextLoader - Did not detect default resource location for test class [com.tingeso.webapp.WebappApplicationTests]: class path resource [com/tingeso/webapp/WebappApplicationTestsContext.groovy] does not exist
19:43:29.035 [Test worker] INFO org.springframework.test.context.support.AbstractContextLoader - Could not detect default resource locations for test class [com.tingeso.webapp.WebappApplicationTests]: no resource found for suffixes {-context.xml, Context.groovy}.
19:43:29.037 [Test worker] INFO org.springframework.test.context.support.AnnotationConfigContextLoaderUtils - Could not detect default configuration classes for test class [com.tingeso.webapp.WebappApplicationTests]: WebappApplicationTests does not declare any static, non-private, non-final, nested classes annotated with @Configuration.
19:43:29.139 [Test worker] DEBUG org.springframework.test.context.support.ActiveProfilesUtils - Could not find an 'annotation declaring class' for annotation type [org.springframework.test.context.ActiveProfiles] and class [com.tingeso.webapp.WebappApplicationTests]
19:43:29.231 [Test worker] DEBUG org.springframework.context.annotation.ClassPathScanningCandidateComponentProvider - Identified candidate component class: file [/home/moises/Escritorio/moise/USACH/2020/2do sem/tingeso/pep 3/webapp/build/classes/java/main/com/tingeso/webapp/WebappApplication.class]
19:43:29.233 [Test worker] INFO org.springframework.boot.test.context.SpringBootTestContextBootstrapper - Found @SpringBootConfiguration com.tingeso.webapp.WebappApplication for test class com.tingeso.webapp.WebappApplicationTests
19:43:29.478 [Test worker] DEBUG org.springframework.boot.test.context.SpringBootTestContextBootstrapper - @TestExecutionListeners is not present for class [com.tingeso.webapp.WebappApplicationTests]: using defaults.
19:43:29.479 [Test worker] INFO org.springframework.boot.test.context.SpringBootTestContextBootstrapper - Loaded default TestExecutionListener class names from location [META-INF/spring.factories]: [org.springframework.boot.test.autoconfigure.restdocs.RestDocsTestExecutionListener, org.springframework.boot.test.autoconfigure.web.client.MockRestServiceServerResetTestExecutionListener, org.springframework.boot.test.autoconfigure.web.servlet.MockMvcPrintOnlyOnFailureTestExecutionListener, org.springframework.boot.test.autoconfigure.web.servlet.WebDriverTestExecutionListener, org.springframework.boot.test.autoconfigure.webservices.client.MockWebServiceServerTestExecutionListener, org.springframework.boot.test.mock.mockito.MockitoTestExecutionListener, org.springframework.boot.test.mock.mockito.ResetMocksTestExecutionListener, org.springframework.test.context.web.ServletTestExecutionListener, org.springframework.test.context.support.DirtiesContextBeforeModesTestExecutionListener, org.springframework.test.context.event.ApplicationEventsTestExecutionListener, org.springframework.test.context.support.DependencyInjectionTestExecutionListener, org.springframework.test.context.support.DirtiesContextTestExecutionListener, org.springframework.test.context.transaction.TransactionalTestExecutionListener, org.springframework.test.context.jdbc.SqlScriptsTestExecutionListener, org.springframework.test.context.event.EventPublishingTestExecutionListener]
19:43:29.510 [Test worker] DEBUG org.springframework.boot.test.context.SpringBootTestContextBootstrapper - Skipping candidate TestExecutionListener [org.springframework.test.context.transaction.TransactionalTestExecutionListener] due to a missing dependency. Specify custom listener classes or make the default listener classes and their required dependencies available. Offending class: [org/springframework/transaction/interceptor/TransactionAttributeSource]
19:43:29.511 [Test worker] DEBUG org.springframework.boot.test.context.SpringBootTestContextBootstrapper - Skipping candidate TestExecutionListener [org.springframework.test.context.jdbc.SqlScriptsTestExecutionListener] due to a missing dependency. Specify custom listener classes or make the default listener classes and their required dependencies available. Offending class: [org/springframework/transaction/interceptor/TransactionAttribute]
19:43:29.512 [Test worker] INFO org.springframework.boot.test.context.SpringBootTestContextBootstrapper - Using TestExecutionListeners: [org.springframework.test.context.web.ServletTestExecutionListener@31a5e5a6, org.springframework.test.context.support.DirtiesContextBeforeModesTestExecutionListener@207f3fcd, org.springframework.test.context.event.ApplicationEventsTestExecutionListener@92d438b, org.springframework.boot.test.mock.mockito.MockitoTestExecutionListener@2f95ba19, org.springframework.boot.test.autoconfigure.SpringBootDependencyInjectionTestExecutionListener@3183f298, org.springframework.test.context.support.DirtiesContextTestExecutionListener@685b2232, org.springframework.test.context.event.EventPublishingTestExecutionListener@b0905a9, org.springframework.boot.test.autoconfigure.restdocs.RestDocsTestExecutionListener@94e33a3, org.springframework.boot.test.autoconfigure.web.client.MockRestServiceServerResetTestExecutionListener@27771720, org.springframework.boot.test.autoconfigure.web.servlet.MockMvcPrintOnlyOnFailureTestExecutionListener@168ceb4e, org.springframework.boot.test.autoconfigure.web.servlet.WebDriverTestExecutionListener@55eb907b, org.springframework.boot.test.autoconfigure.webservices.client.MockWebServiceServerTestExecutionListener@2d40724e, org.springframework.boot.test.mock.mockito.ResetMocksTestExecutionListener@3211bed1]
19:43:29.528 [Test worker] DEBUG org.springframework.test.context.support.AbstractDirtiesContextTestExecutionListener - Before test class: context [DefaultTestContext@53141045 testClass = WebappApplicationTests, testInstance = [null], testMethod = [null], testException = [null], mergedContextConfiguration = [WebMergedContextConfiguration@1ebab40f testClass = WebappApplicationTests, locations = '{}', classes = '{class com.tingeso.webapp.WebappApplication}', contextInitializerClasses = '[]', activeProfiles = '{}', propertySourceLocations = '{}', propertySourceProperties = '{org.springframework.boot.test.context.SpringBootTestContextBootstrapper=true}', contextCustomizers = set[org.springframework.boot.test.autoconfigure.actuate.metrics.MetricsExportContextCustomizerFactory$DisableMetricExportContextCustomizer@6fb0f68b, org.springframework.boot.test.autoconfigure.properties.PropertyMappingContextCustomizer@0, org.springframework.boot.test.autoconfigure.web.servlet.WebDriverContextCustomizerFactory$Customizer@7a4e0b09, org.springframework.boot.test.context.filter.ExcludeFilterContextCustomizer@3351da23, org.springframework.boot.test.json.DuplicateJsonObjectContextCustomizerFactory$DuplicateJsonObjectContextCustomizer@a029ad0, org.springframework.boot.test.mock.mockito.MockitoContextCustomizer@0, org.springframework.boot.test.web.client.TestRestTemplateContextCustomizer@1f9e44e8, org.springframework.boot.test.context.SpringBootTestArgs@1, org.springframework.boot.test.context.SpringBootTestWebEnvironment@79b88986], resourceBasePath = 'src/main/webapp', contextLoader = 'org.springframework.boot.test.context.SpringBootContextLoader', parent = [null]], attributes = map['org.springframework.test.context.web.ServletTestExecutionListener.activateListener' -> true]], class annotated with @DirtiesContext [false] with mode [null].
19:43:29.585 [Test worker] DEBUG org.springframework.test.context.support.TestPropertySourceUtils - Adding inlined properties to environment: {spring.jmx.enabled=false, org.springframework.boot.test.context.SpringBootTestContextBootstrapper=true}

  .   ____          _            __ _ _
 /\\ / ___'_ __ _ _(_)_ __  __ _ \ \ \ \
( ( )\___ | '_ | '_| | '_ \/ _` | \ \ \ \
 \\/  ___)| |_)| | | | | || (_| |  ) ) ) )
  '  |____| .__|_| |_|_| |_\__, | / / / /
 =========|_|==============|___/=/_/_/_/
 :: Spring Boot ::                (v2.4.2)

2021-02-02 19:43:33.266  INFO 18023 --- [    Test worker] c.tingeso.webapp.WebappApplicationTests  : Starting WebappApplicationTests using Java 11.0.9.1 on moises-oveja with PID 18023 (started by moises in /home/moises/Escritorio/moise/USACH/2020/2do sem/tingeso/pep 3/webapp)
2021-02-02 19:43:33.272  INFO 18023 --- [    Test worker] c.tingeso.webapp.WebappApplicationTests  : No active profile set, falling back to default profiles: default
2021-02-02 19:43:36.561  INFO 18023 --- [    Test worker] o.s.s.concurrent.ThreadPoolTaskExecutor  : Initializing ExecutorService 'applicationTaskExecutor'
2021-02-02 19:43:38.095  INFO 18023 --- [    Test worker] o.s.b.a.w.s.WelcomePageHandlerMapping    : Adding welcome page template: index
2021-02-02 19:43:39.792  INFO 18023 --- [    Test worker] c.tingeso.webapp.WebappApplicationTests  : Started WebappApplicationTests in 10.142 seconds (JVM running for 15.408)
]]></system-out>
  <system-err><![CDATA[]]></system-err>
</testsuite>
