<?xml version="1.0" encoding="UTF-8"?>
<testsuite name="com.tingeso.webapp.model.CalcTest" tests="4" skipped="0" failures="0" errors="0" timestamp="2021-02-02T22:43:28" hostname="moises-oveja" time="0.153">
  <properties/>
  <testcase name="getNum1Test()" classname="com.tingeso.webapp.model.CalcTest" time="0.145"/>
  <testcase name="getNum2Test()" classname="com.tingeso.webapp.model.CalcTest" time="0.002"/>
  <testcase name="getOperTest()" classname="com.tingeso.webapp.model.CalcTest" time="0.002"/>
  <testcase name="getResTest()" classname="com.tingeso.webapp.model.CalcTest" time="0.001"/>
  <system-out><![CDATA[]]></system-out>
  <system-err><![CDATA[]]></system-err>
</testsuite>
